  stdafx.cpp
  Animation.cpp
  Application.cpp
  Console.cpp
  InputManager.cpp
D:\20405 이채원\GameProgramming\4일차\Engine\Engine\InputManager.cpp(42,27): warning C4244: '인수': 'LONG'에서 'FLOAT'(으)로 변환하면서 데이터가 손실될 수 있습니다.
D:\20405 이채원\GameProgramming\4일차\Engine\Engine\InputManager.cpp(42,22): warning C4244: '인수': 'LONG'에서 'FLOAT'(으)로 변환하면서 데이터가 손실될 수 있습니다.
  Object.cpp
D:\20405 이채원\GameProgramming\4일차\Engine\Engine\Object.cpp(54,17): warning C4244: '+=': 'FLOAT'에서 'LONG'(으)로 변환하면서 데이터가 손실될 수 있습니다.
D:\20405 이채원\GameProgramming\4일차\Engine\Engine\Object.cpp(55,18): warning C4244: '+=': 'FLOAT'에서 'LONG'(으)로 변환하면서 데이터가 손실될 수 있습니다.
D:\20405 이채원\GameProgramming\4일차\Engine\Engine\Object.cpp(56,16): warning C4244: '+=': 'FLOAT'에서 'LONG'(으)로 변환하면서 데이터가 손실될 수 있습니다.
D:\20405 이채원\GameProgramming\4일차\Engine\Engine\Object.cpp(57,19): warning C4244: '+=': 'FLOAT'에서 'LONG'(으)로 변환하면서 데이터가 손실될 수 있습니다.
D:\20405 이채원\GameProgramming\4일차\Engine\Engine\Object.cpp(59,17): warning C4244: '+=': 'FLOAT'에서 'LONG'(으)로 변환하면서 데이터가 손실될 수 있습니다.
D:\20405 이채원\GameProgramming\4일차\Engine\Engine\Object.cpp(60,18): warning C4244: '+=': 'FLOAT'에서 'LONG'(으)로 변환하면서 데이터가 손실될 수 있습니다.
D:\20405 이채원\GameProgramming\4일차\Engine\Engine\Object.cpp(61,16): warning C4244: '+=': 'FLOAT'에서 'LONG'(으)로 변환하면서 데이터가 손실될 수 있습니다.
D:\20405 이채원\GameProgramming\4일차\Engine\Engine\Object.cpp(62,19): warning C4244: '+=': 'FLOAT'에서 'LONG'(으)로 변환하면서 데이터가 손실될 수 있습니다.
D:\20405 이채원\GameProgramming\4일차\Engine\Engine\Object.cpp(68,15): warning C4244: '+=': 'FLOAT'에서 'LONG'(으)로 변환하면서 데이터가 손실될 수 있습니다.
D:\20405 이채원\GameProgramming\4일차\Engine\Engine\Object.cpp(69,16): warning C4244: '+=': 'FLOAT'에서 'LONG'(으)로 변환하면서 데이터가 손실될 수 있습니다.
D:\20405 이채원\GameProgramming\4일차\Engine\Engine\Object.cpp(70,14): warning C4244: '+=': 'FLOAT'에서 'LONG'(으)로 변환하면서 데이터가 손실될 수 있습니다.
D:\20405 이채원\GameProgramming\4일차\Engine\Engine\Object.cpp(71,17): warning C4244: '+=': 'FLOAT'에서 'LONG'(으)로 변환하면서 데이터가 손실될 수 있습니다.
D:\20405 이채원\GameProgramming\4일차\Engine\Engine\Object.cpp(85,12): warning C4244: 'return': 'FLOAT'에서 'int'(으)로 변환하면서 데이터가 손실될 수 있습니다.
D:\20405 이채원\GameProgramming\4일차\Engine\Engine\Object.cpp(89,12): warning C4244: 'return': 'FLOAT'에서 'int'(으)로 변환하면서 데이터가 손실될 수 있습니다.
D:\20405 이채원\GameProgramming\4일차\Engine\Engine\Object.cpp(97,10): warning C4244: '=': 'int'에서 'FLOAT'(으)로 변환하면서 데이터가 손실될 수 있습니다.
D:\20405 이채원\GameProgramming\4일차\Engine\Engine\Object.cpp(98,10): warning C4244: '=': 'int'에서 'FLOAT'(으)로 변환하면서 데이터가 손실될 수 있습니다.
  Scene.cpp
  SceneManager.cpp
  SoundManager.cpp
  Sprite.cpp
D:\20405 이채원\GameProgramming\4일차\Engine\Engine\Sprite.cpp(40,48): warning C4244: '인수': 'int'에서 'FLOAT'(으)로 변환하면서 데이터가 손실될 수 있습니다.
D:\20405 이채원\GameProgramming\4일차\Engine\Engine\Sprite.cpp(40,35): warning C4244: '인수': 'int'에서 'FLOAT'(으)로 변환하면서 데이터가 손실될 수 있습니다.
  TextureManager.cpp
  main.cpp
  코드를 생성하고 있습니다...
LINK : fatal error LNK1104: 'd3dx9.lib' 파일을 열 수 없습니다.
