  stdafx.cpp
  Animation.cpp
  Application.cpp
  Ball.cpp
  Console.cpp
  GameScene.cpp
D:\20405 이채원\game\Engine\Engine\GameScene.cpp(6,14): warning C4244: '=': 'time_t'에서 'int'(으)로 변환하면서 데이터가 손실될 수 있습니다.
D:\20405 이채원\game\Engine\Engine\GameScene.cpp(43,12): warning C4244: '=': 'time_t'에서 'int'(으)로 변환하면서 데이터가 손실될 수 있습니다.
  InputManager.cpp
D:\20405 이채원\game\Engine\Engine\InputManager.cpp(42,27): warning C4244: '인수': 'LONG'에서 'FLOAT'(으)로 변환하면서 데이터가 손실될 수 있습니다.
D:\20405 이채원\game\Engine\Engine\InputManager.cpp(42,22): warning C4244: '인수': 'LONG'에서 'FLOAT'(으)로 변환하면서 데이터가 손실될 수 있습니다.
  LevelScene.cpp
  MainScene.cpp
  Object.cpp
D:\20405 이채원\game\Engine\Engine\Object.cpp(55,18): warning C4244: '+=': 'FLOAT'에서 'LONG'(으)로 변환하면서 데이터가 손실될 수 있습니다.
D:\20405 이채원\game\Engine\Engine\Object.cpp(56,19): warning C4244: '+=': 'FLOAT'에서 'LONG'(으)로 변환하면서 데이터가 손실될 수 있습니다.
D:\20405 이채원\game\Engine\Engine\Object.cpp(57,17): warning C4244: '+=': 'FLOAT'에서 'LONG'(으)로 변환하면서 데이터가 손실될 수 있습니다.
D:\20405 이채원\game\Engine\Engine\Object.cpp(58,20): warning C4244: '+=': 'FLOAT'에서 'LONG'(으)로 변환하면서 데이터가 손실될 수 있습니다.
D:\20405 이채원\game\Engine\Engine\Object.cpp(89,12): warning C4244: 'return': 'FLOAT'에서 'int'(으)로 변환하면서 데이터가 손실될 수 있습니다.
D:\20405 이채원\game\Engine\Engine\Object.cpp(93,12): warning C4244: 'return': 'FLOAT'에서 'int'(으)로 변환하면서 데이터가 손실될 수 있습니다.
D:\20405 이채원\game\Engine\Engine\Object.cpp(101,10): warning C4244: '=': 'int'에서 'FLOAT'(으)로 변환하면서 데이터가 손실될 수 있습니다.
D:\20405 이채원\game\Engine\Engine\Object.cpp(102,10): warning C4244: '=': 'int'에서 'FLOAT'(으)로 변환하면서 데이터가 손실될 수 있습니다.
  Player.cpp
  Scene.cpp
  SceneManager.cpp
  Score.cpp
  ScoreScene.cpp
  SoundManager.cpp
  Sprite.cpp
D:\20405 이채원\game\Engine\Engine\Sprite.cpp(40,48): warning C4244: '인수': 'int'에서 'FLOAT'(으)로 변환하면서 데이터가 손실될 수 있습니다.
D:\20405 이채원\game\Engine\Engine\Sprite.cpp(40,35): warning C4244: '인수': 'int'에서 'FLOAT'(으)로 변환하면서 데이터가 손실될 수 있습니다.
  TextureManager.cpp
  main.cpp
  코드를 생성하고 있습니다...
  Engine.vcxproj -> D:\20405 이채원\game\Engine\Debug\Engine.exe
